{"C:\\Users\\E6440\\Desktop\\BinaryGap\\app.js": {"path":"C:\\Users\\E6440\\Desktop\\BinaryGap\\app.js","statementMap":{"0":{"start":{"line":1,"column":16},"end":{"line":22,"column":1}},"1":{"start":{"line":2,"column":4},"end":{"line":2,"column":30}},"2":{"start":{"line":2,"column":18},"end":{"line":2,"column":30}},"3":{"start":{"line":3,"column":17},"end":{"line":3,"column":18}},"4":{"start":{"line":4,"column":21},"end":{"line":4,"column":22}},"5":{"start":{"line":5,"column":18},"end":{"line":5,"column":31}},"6":{"start":{"line":6,"column":17},"end":{"line":6,"column":41}},"7":{"start":{"line":8,"column":4},"end":{"line":20,"column":5}},"8":{"start":{"line":8,"column":16},"end":{"line":8,"column":22}},"9":{"start":{"line":10,"column":8},"end":{"line":18,"column":9}},"10":{"start":{"line":11,"column":12},"end":{"line":11,"column":27}},"11":{"start":{"line":13,"column":12},"end":{"line":13,"column":40}},"12":{"start":{"line":15,"column":12},"end":{"line":17,"column":13}},"13":{"start":{"line":16,"column":16},"end":{"line":16,"column":36}},"14":{"start":{"line":21,"column":4},"end":{"line":21,"column":18}},"15":{"start":{"line":24,"column":0},"end":{"line":24,"column":27}}},"fnMap":{"0":{"name":"(anonymous_0)","decl":{"start":{"line":1,"column":16},"end":{"line":1,"column":17}},"loc":{"start":{"line":1,"column":23},"end":{"line":22,"column":1}},"line":1}},"branchMap":{"0":{"loc":{"start":{"line":2,"column":4},"end":{"line":2,"column":30}},"type":"if","locations":[{"start":{"line":2,"column":4},"end":{"line":2,"column":30}},{"start":{"line":2,"column":4},"end":{"line":2,"column":30}}],"line":2},"1":{"loc":{"start":{"line":10,"column":8},"end":{"line":18,"column":9}},"type":"if","locations":[{"start":{"line":10,"column":8},"end":{"line":18,"column":9}},{"start":{"line":10,"column":8},"end":{"line":18,"column":9}}],"line":10},"2":{"loc":{"start":{"line":15,"column":12},"end":{"line":17,"column":13}},"type":"if","locations":[{"start":{"line":15,"column":12},"end":{"line":17,"column":13}},{"start":{"line":15,"column":12},"end":{"line":17,"column":13}}],"line":15}},"s":{"0":1,"1":5,"2":2,"3":3,"4":3,"5":3,"6":3,"7":3,"8":3,"9":20,"10":8,"11":12,"12":12,"13":7,"14":3,"15":1},"f":{"0":5},"b":{"0":[2,3],"1":[8,12],"2":[7,5]},"_coverageSchema":"1a1c01bbd47fc00a2c39e90264f33305004495a9","hash":"829c54e9b6480f403b0db26170e4fb93c64fc964"}
}
